===Berith
Current OP : PUSH1 Current PC : 0 Stack length : 0 Used Gas :  3
Current OP : PUSH1 Current PC : 2 Stack length : 1 Used Gas :  3
Current OP : MSTORE Current PC : 4 Stack length : 2 Used Gas :  12
Current OP : PUSH1 Current PC : 5 Stack length : 0 Used Gas :  3
Current OP : CALLDATASIZE Current PC : 7 Stack length : 1 Used Gas :  2
Current OP : LT Current PC : 8 Stack length : 2 Used Gas :  3
Current OP : PUSH2 Current PC : 9 Stack length : 1 Used Gas :  3
Current OP : JUMPI Current PC : 12 Stack length : 2 Used Gas :  10
Current OP : PUSH1 Current PC : 13 Stack length : 0 Used Gas :  3
Current OP : CALLDATALOAD Current PC : 15 Stack length : 1 Used Gas :  3
Current OP : PUSH1 Current PC : 16 Stack length : 1 Used Gas :  3
Current OP : SHR Current PC : 18 Stack length : 2 Used Gas :  3
Current OP : DUP1 Current PC : 19 Stack length : 1 Used Gas :  3
Current OP : PUSH4 Current PC : 20 Stack length : 2 Used Gas :  3
Current OP : EQ Current PC : 25 Stack length : 3 Used Gas :  3
Current OP : PUSH2 Current PC : 26 Stack length : 2 Used Gas :  3
Current OP : JUMPI Current PC : 29 Stack length : 3 Used Gas :  10
Current OP : DUP1 Current PC : 30 Stack length : 1 Used Gas :  3
Current OP : PUSH4 Current PC : 31 Stack length : 2 Used Gas :  3
Current OP : EQ Current PC : 36 Stack length : 3 Used Gas :  3
Current OP : PUSH2 Current PC : 37 Stack length : 2 Used Gas :  3
Current OP : JUMPI Current PC : 40 Stack length : 3 Used Gas :  10
Current OP : JUMPDEST Current PC : 89 Stack length : 1 Used Gas :  1
Current OP : PUSH2 Current PC : 90 Stack length : 1 Used Gas :  3
Current OP : PUSH1 Current PC : 93 Stack length : 2 Used Gas :  3
Current OP : DUP1 Current PC : 95 Stack length : 3 Used Gas :  3
Current OP : CALLDATASIZE Current PC : 96 Stack length : 4 Used Gas :  2
Current OP : SUB Current PC : 97 Stack length : 5 Used Gas :  3
Current OP : DUP2 Current PC : 98 Stack length : 4 Used Gas :  3
Current OP : ADD Current PC : 99 Stack length : 5 Used Gas :  3
Current OP : SWAP1 Current PC : 100 Stack length : 4 Used Gas :  3
Current OP : PUSH2 Current PC : 101 Stack length : 4 Used Gas :  3
Current OP : SWAP2 Current PC : 104 Stack length : 5 Used Gas :  3
Current OP : SWAP1 Current PC : 105 Stack length : 5 Used Gas :  3
Current OP : PUSH2 Current PC : 106 Stack length : 5 Used Gas :  3
Current OP : JUMP Current PC : 109 Stack length : 6 Used Gas :  8
Current OP : JUMPDEST Current PC : 246 Stack length : 5 Used Gas :  1
Current OP : PUSH1 Current PC : 247 Stack length : 5 Used Gas :  3
Current OP : PUSH1 Current PC : 249 Stack length : 6 Used Gas :  3
Current OP : DUP3 Current PC : 251 Stack length : 7 Used Gas :  3
Current OP : DUP5 Current PC : 252 Stack length : 8 Used Gas :  3
Current OP : SUB Current PC : 253 Stack length : 9 Used Gas :  3
Current OP : SLT Current PC : 254 Stack length : 8 Used Gas :  3
Current OP : ISZERO Current PC : 255 Stack length : 7 Used Gas :  3
Current OP : PUSH2 Current PC : 256 Stack length : 7 Used Gas :  3
Current OP : JUMPI Current PC : 259 Stack length : 8 Used Gas :  10
Current OP : JUMPDEST Current PC : 264 Stack length : 6 Used Gas :  1
Current OP : PUSH1 Current PC : 265 Stack length : 6 Used Gas :  3
Current OP : PUSH2 Current PC : 267 Stack length : 7 Used Gas :  3
Current OP : DUP5 Current PC : 270 Stack length : 8 Used Gas :  3
Current OP : DUP3 Current PC : 271 Stack length : 9 Used Gas :  3
Current OP : DUP6 Current PC : 272 Stack length : 10 Used Gas :  3
Current OP : ADD Current PC : 273 Stack length : 11 Used Gas :  3
Current OP : PUSH2 Current PC : 274 Stack length : 10 Used Gas :  3
Current OP : JUMP Current PC : 277 Stack length : 11 Used Gas :  8
Current OP : JUMPDEST Current PC : 225 Stack length : 10 Used Gas :  1
Current OP : PUSH1 Current PC : 226 Stack length : 10 Used Gas :  3
Current OP : DUP2 Current PC : 228 Stack length : 11 Used Gas :  3
Current OP : CALLDATALOAD Current PC : 229 Stack length : 12 Used Gas :  3
Current OP : SWAP1 Current PC : 230 Stack length : 12 Used Gas :  3
Current OP : POP Current PC : 231 Stack length : 12 Used Gas :  2
Current OP : PUSH2 Current PC : 232 Stack length : 11 Used Gas :  3
Current OP : DUP2 Current PC : 235 Stack length : 12 Used Gas :  3
Current OP : PUSH2 Current PC : 236 Stack length : 13 Used Gas :  3
Current OP : JUMP Current PC : 239 Stack length : 14 Used Gas :  8
Current OP : JUMPDEST Current PC : 339 Stack length : 13 Used Gas :  1
Current OP : PUSH2 Current PC : 340 Stack length : 13 Used Gas :  3
Current OP : DUP2 Current PC : 343 Stack length : 14 Used Gas :  3
Current OP : PUSH2 Current PC : 344 Stack length : 15 Used Gas :  3
Current OP : JUMP Current PC : 347 Stack length : 16 Used Gas :  8
Current OP : JUMPDEST Current PC : 329 Stack length : 15 Used Gas :  1
Current OP : PUSH1 Current PC : 330 Stack length : 15 Used Gas :  3
Current OP : DUP2 Current PC : 332 Stack length : 16 Used Gas :  3
Current OP : SWAP1 Current PC : 333 Stack length : 17 Used Gas :  3
Current OP : POP Current PC : 334 Stack length : 17 Used Gas :  2
Current OP : SWAP2 Current PC : 335 Stack length : 16 Used Gas :  3
Current OP : SWAP1 Current PC : 336 Stack length : 16 Used Gas :  3
Current OP : POP Current PC : 337 Stack length : 16 Used Gas :  2
Current OP : JUMP Current PC : 338 Stack length : 15 Used Gas :  8
Current OP : JUMPDEST Current PC : 348 Stack length : 14 Used Gas :  1
Current OP : DUP2 Current PC : 349 Stack length : 14 Used Gas :  3
Current OP : EQ Current PC : 350 Stack length : 15 Used Gas :  3
Current OP : PUSH2 Current PC : 351 Stack length : 14 Used Gas :  3
Current OP : JUMPI Current PC : 354 Stack length : 15 Used Gas :  10
Current OP : JUMPDEST Current PC : 359 Stack length : 13 Used Gas :  1
Current OP : POP Current PC : 360 Stack length : 13 Used Gas :  2
Current OP : JUMP Current PC : 361 Stack length : 12 Used Gas :  8
Current OP : JUMPDEST Current PC : 240 Stack length : 11 Used Gas :  1
Current OP : SWAP3 Current PC : 241 Stack length : 11 Used Gas :  3
Current OP : SWAP2 Current PC : 242 Stack length : 11 Used Gas :  3
Current OP : POP Current PC : 243 Stack length : 11 Used Gas :  2
Current OP : POP Current PC : 244 Stack length : 10 Used Gas :  2
Current OP : JUMP Current PC : 245 Stack length : 9 Used Gas :  8
Current OP : JUMPDEST Current PC : 278 Stack length : 8 Used Gas :  1
Current OP : SWAP2 Current PC : 279 Stack length : 8 Used Gas :  3
Current OP : POP Current PC : 280 Stack length : 8 Used Gas :  2
Current OP : POP Current PC : 281 Stack length : 7 Used Gas :  2
Current OP : SWAP3 Current PC : 282 Stack length : 6 Used Gas :  3
Current OP : SWAP2 Current PC : 283 Stack length : 6 Used Gas :  3
Current OP : POP Current PC : 284 Stack length : 6 Used Gas :  2
Current OP : POP Current PC : 285 Stack length : 5 Used Gas :  2
Current OP : JUMP Current PC : 286 Stack length : 4 Used Gas :  8
Current OP : JUMPDEST Current PC : 110 Stack length : 3 Used Gas :  1
Current OP : PUSH2 Current PC : 111 Stack length : 3 Used Gas :  3
Current OP : JUMP Current PC : 114 Stack length : 4 Used Gas :  8
Current OP : JUMPDEST Current PC : 125 Stack length : 3 Used Gas :  1
Current OP : DUP1 Current PC : 126 Stack length : 3 Used Gas :  3
Current OP : PUSH2 Current PC : 127 Stack length : 4 Used Gas :  3
Current OP : PUSH2 Current PC : 130 Stack length : 5 Used Gas :  3
Current OP : JUMP Current PC : 133 Stack length : 6 Used Gas :  8
Current OP : JUMPDEST Current PC : 117 Stack length : 5 Used Gas :  1
Current OP : PUSH1 Current PC : 118 Stack length : 5 Used Gas :  3
Current OP : SELFBALANCE Current PC : 120 Stack length : 6
